<?xml version="1.0" encoding="UTF-8"?>
<testng-results skipped="0" failed="0" ignored="0" total="2" passed="2">
  <reporter-output>
  </reporter-output>
  <suite name="Default suite" duration-ms="73385" started-at="2019-12-24T19:46:50Z" finished-at="2019-12-24T19:48:03Z">
    <groups>
    </groups>
    <test name="Default test" duration-ms="73385" started-at="2019-12-24T19:46:50Z" finished-at="2019-12-24T19:48:03Z">
      <class name="com.sl.helper.Login">
        <test-method status="PASS" signature="LoginSL()[pri:0, instance:com.sl.helper.Login@643b1d11]" name="LoginSL" duration-ms="36709" started-at="2019-12-24T19:46:50Z" finished-at="2019-12-24T19:47:26Z">
          <reporter-output>
          </reporter-output>
        </test-method> <!-- LoginSL -->
        <test-method status="PASS" signature="LoginSLFail()[pri:0, instance:com.sl.helper.Login@643b1d11]" name="LoginSLFail" duration-ms="36631" started-at="2019-12-24T19:47:26Z" finished-at="2019-12-24T19:48:03Z">
          <reporter-output>
          </reporter-output>
        </test-method> <!-- LoginSLFail -->
      </class> <!-- com.sl.helper.Login -->
    </test> <!-- Default test -->
  </suite> <!-- Default suite -->
</testng-results>
